________________________________________________________________________________
                                                                               
                                                                               
                               POINT BLANK BATTLE                              
                                                                               
                                                                               
_______________________________ 29/12/2019 14:46 _______________________________
23:18:36 [Info] Server active at 127.0.0.1:40009
23:18:36 [Info] Synchronize infos to server: True
23:18:36 [Info] Drops Limit: 25
23:18:36 [Info] Ammo Limit: False
23:18:36 [Info] Duration C4: (5.5s/6.5s)
23:18:36 [Info] Loaded: 55 maps
23:18:36 [Info] Loaded: 115 charas information
23:18:36 [Info] Loaded: 20 melee exceptions
23:18:38 [Error] System.IO.FileLoadException: Could not load file or assembly 'System.Runtime.CompilerServices.Unsafe, Version=4.0.4.0, Culture=neutral, PublicKeyToken=b03f5f7f11d50a3a' or one of its dependencies. The located assembly's manifest definition does not match the assembly reference. (Exception from HRESULT: 0x80131040)
File name: 'System.Runtime.CompilerServices.Unsafe, Version=4.0.4.0, Culture=neutral, PublicKeyToken=b03f5f7f11d50a3a'
   at System.Threading.Tasks.ValueTask`1.get_IsCompleted()
   at Npgsql.NpgsqlConnection.<>c__DisplayClass32_0.<<Open>g__OpenLong|0>d.MoveNext()
--- End of stack trace from previous location where exception was thrown ---
   at System.Runtime.CompilerServices.TaskAwaiter.ThrowForNonSuccess(Task task)
   at System.Runtime.CompilerServices.TaskAwaiter.HandleNonSuccessAndDebuggerNotification(Task task)
   at Npgsql.NpgsqlConnection.Open()
   at PointBlank.Battle.Data.Xml.ServersXml.Load() in C:\Program Files (x86)\pb2-fix\SRC PB EVOLUTION_100%\PointBlank.Battle\Data\Xml\ServersXml.cs:line 37

WRN: Assembly binding logging is turned OFF.
To enable assembly bind failure logging, set the registry value [HKLM\Software\Microsoft\Fusion!EnableLog] (DWORD) to 1.
Note: There is some performance penalty associated with assembly bind failure logging.
To turn this feature off, remove the registry value [HKLM\Software\Microsoft\Fusion!EnableLog].

23:18:38 [Debug] Active Server. (30/12/19 23:18:38)
