________________________________________________________________________________
                                                                               
                                                                               
                               POINT BLANK BATTLE                              
                                                                               
                                                                               
_______________________________ 09/12/2019 15:11 _______________________________
15:11:44 [Info] Server active at 192.168.1.117:40009
15:11:44 [Info] Synchronize infos to server: True
15:11:44 [Info] Drops Limit: 25
15:11:44 [Info] Ammo Limit: False
15:11:44 [Info] Duration C4: (5.5s/6.5s)
15:11:44 [Info] Loaded: 55 maps
15:11:44 [Info] Loaded: 115 charas information
15:11:44 [Info] Loaded: 20 melee exceptions
15:11:44 [Error] System.IO.FileLoadException: Could not load file or assembly 'System.Runtime.CompilerServices.Unsafe, Version=4.0.4.0, Culture=neutral, PublicKeyToken=b03f5f7f11d50a3a' or one of its dependencies. The located assembly's manifest definition does not match the assembly reference. (Exception from HRESULT: 0x80131040)
File name: 'System.Runtime.CompilerServices.Unsafe, Version=4.0.4.0, Culture=neutral, PublicKeyToken=b03f5f7f11d50a3a'
   at System.Threading.Tasks.ValueTask`1.get_IsCompleted()
   at Npgsql.NpgsqlConnection.<>c__DisplayClass32_0.<<Open>g__OpenLong|0>d.MoveNext()
--- End of stack trace from previous location where exception was thrown ---
   at System.Runtime.CompilerServices.TaskAwaiter.ThrowForNonSuccess(Task task)
   at System.Runtime.CompilerServices.TaskAwaiter.HandleNonSuccessAndDebuggerNotification(Task task)
   at Npgsql.NpgsqlConnection.Open()
   at PointBlank.Battle.Data.Xml.ServersXml.Load() in C:\Users\Administrator\Desktop\SRC PB EVOLUTION_100%\PointBlank.Battle\Data\Xml\ServersXml.cs:line 37

WRN: Assembly binding logging is turned OFF.
To enable assembly bind failure logging, set the registry value [HKLM\Software\Microsoft\Fusion!EnableLog] (DWORD) to 1.
Note: There is some performance penalty associated with assembly bind failure logging.
To turn this feature off, remove the registry value [HKLM\Software\Microsoft\Fusion!EnableLog].

15:11:44 [Debug] Active Server. (09/12/19 15:11:44)
