System.IO.DirectoryNotFoundException: Could not find a part of the path 'C:\Users\Newa05\Desktop\PointBlank\DekThai\SRC - MoMzGame\pbserver_core\bin\Debug\config\battle.ini'.
   at System.IO.__Error.WinIOError(Int32 errorCode, String maybeFullPath)
   at System.IO.FileStream.Init(String path, FileMode mode, FileAccess access, Int32 rights, Boolean useRights, FileShare share, Int32 bufferSize, FileOptions options, SECURITY_ATTRIBUTES secAttrs, String msgPath, Boolean bFromProxy, Boolean useLongPath, Boolean checkHost)
   at System.IO.FileStream..ctor(String path, FileMode mode, FileAccess access, FileShare share, Int32 bufferSize, FileOptions options, String msgPath, Boolean bFromProxy, Boolean useLongPath, Boolean checkHost)
   at System.IO.StreamReader..ctor(String path, Encoding encoding, Boolean detectEncodingFromByteOrderMarks, Int32 bufferSize, Boolean checkHost)
   at System.IO.StreamReader..ctor(String path)
   at Battle.config.ConfigFile.LoadStrings() in C:\Users\Newa05\Desktop\PointBlank\DekThai\SRC - MoMzGame\pbserver_core\config\ConfigFile.cs:line 30
[ConfigFile] Falha no parâmetro: dbhost
[ConfigFile] Falha no parâmetro: dbname
[ConfigFile] Falha no parâmetro: dbuser
[ConfigFile] Falha no parâmetro: dbpass
[ConfigFile] Falha no parâmetro: dbport
[ConfigFile] Falha no parâmetro: udpIp
[ConfigFile] Falha no parâmetro: serverIp
[ConfigFile] Falha no parâmetro: udpPort
[ConfigFile] Falha no parâmetro: isTestMode
[ConfigFile] Falha no parâmetro: sendInfoToServ
[ConfigFile] Falha no parâmetro: sendFailMsg
[ConfigFile] Falha no parâmetro: enableLog
[ConfigFile] Falha no parâmetro: maxDrop
[ConfigFile] Falha no parâmetro: syncPort
[ConfigFile] Falha no parâmetro: plantDuration
[ConfigFile] Falha no parâmetro: defuseDuration
[ConfigFile] Falha no parâmetro: useHitMarker
[ConfigFile] Falha no parâmetro: useMaxAmmoInDrop
[ConfigFile] Falha no parâmetro: UDPVersion
     /-??-/______________________________\-??-\
    /-??-/  Point Blank BATTLE PBTHV41    \-??-\
   /-??-/         by NEWA05                \-??-\
/-??-/_______________________________________\-??-\
|-??-|__________| Release date |______________|-??-|
|-??-|         '23/04/2562 07:14'             |-??-|
|-??-|                                        |-??-|
|-??-|________________________________________|-??-|
[Status] Server active at 0.0.0.0:40000
[Status] Synchronize infos to the server: True
[Status] Limits of drops: 0
[Status] Duration of C4: (1s/1s)
[Status] Super Ammo: True
[License Key] IP Address Not Found
System.IO.DirectoryNotFoundException: Could not find a part of the path 'C:\Users\Newa05\Desktop\PointBlank\DekThai\SRC - MoMzGame\pbserver_core\bin\Debug\config\battle.ini'.
   at System.IO.__Error.WinIOError(Int32 errorCode, String maybeFullPath)
   at System.IO.FileStream.Init(String path, FileMode mode, FileAccess access, Int32 rights, Boolean useRights, FileShare share, Int32 bufferSize, FileOptions options, SECURITY_ATTRIBUTES secAttrs, String msgPath, Boolean bFromProxy, Boolean useLongPath, Boolean checkHost)
   at System.IO.FileStream..ctor(String path, FileMode mode, FileAccess access, FileShare share, Int32 bufferSize, FileOptions options, String msgPath, Boolean bFromProxy, Boolean useLongPath, Boolean checkHost)
   at System.IO.StreamReader..ctor(String path, Encoding encoding, Boolean detectEncodingFromByteOrderMarks, Int32 bufferSize, Boolean checkHost)
   at System.IO.StreamReader..ctor(String path)
   at Battle.config.ConfigFile.LoadStrings() in C:\Users\Newa05\Desktop\PointBlank\DekThai\SRC - MoMzGame\pbserver_core\config\ConfigFile.cs:line 30
[ConfigFile] Falha no parâmetro: dbhost
[ConfigFile] Falha no parâmetro: dbname
[ConfigFile] Falha no parâmetro: dbuser
[ConfigFile] Falha no parâmetro: dbpass
[ConfigFile] Falha no parâmetro: dbport
[ConfigFile] Falha no parâmetro: udpIp
[ConfigFile] Falha no parâmetro: serverIp
[ConfigFile] Falha no parâmetro: udpPort
[ConfigFile] Falha no parâmetro: isTestMode
[ConfigFile] Falha no parâmetro: sendInfoToServ
[ConfigFile] Falha no parâmetro: sendFailMsg
[ConfigFile] Falha no parâmetro: enableLog
[ConfigFile] Falha no parâmetro: maxDrop
[ConfigFile] Falha no parâmetro: syncPort
[ConfigFile] Falha no parâmetro: plantDuration
[ConfigFile] Falha no parâmetro: defuseDuration
[ConfigFile] Falha no parâmetro: useHitMarker
[ConfigFile] Falha no parâmetro: useMaxAmmoInDrop
[ConfigFile] Falha no parâmetro: UDPVersion
     /-??-/______________________________\-??-\
    /-??-/  Point Blank BATTLE PBTHV41    \-??-\
   /-??-/         by NEWA05                \-??-\
/-??-/_______________________________________\-??-\
|-??-|__________| Release date |______________|-??-|
|-??-|         '23/04/2562 07:14'             |-??-|
|-??-|                                        |-??-|
|-??-|________________________________________|-??-|
[Status] Server active at 0.0.0.0:40000
[Status] Synchronize infos to the server: True
[Status] Limits of drops: 0
[Status] Duration of C4: (1s/1s)
[Status] Super Ammo: True
[License Key] IP Address Not Found
