   /-??-/_____________________________\-??-\
  /-??-/      Point Blank BATTLE       \-??-\
 /-??-/          by MoMz Games          \-??-\
/-??-/___________________________________\-??-\
|-??-|__________| Release date |_________|-??-|
|-??-|         '23/01/2018 00:50'        |-??-|
|-??-|   Sintam inveja, não nos atinge   |-??-|
|-??-|___________________________________|-??-|
[Aviso] Servidor ativo em 25.6.90.39:40009
[Aviso] Sincronizar infos ao servidor: True
[Aviso] Limite de drops: 25
[Aviso] Duração da C4: (5,5s/6,5s)
[Aviso] Super munição: False
[Aviso] Loaded 54 maps
[Aviso] Loaded 74 charas information
[Aviso] Loaded 20 melee exceptions
|-??-|-----------------------------------|-??-|
[Aviso] Portas abertas! (18/01/23 01:53:05)
[WriteActionBytes]
System.ArgumentOutOfRangeException: O índice estava fora do intervalo. Ele deve ser não-negativo e menor que o tamanho da coleção.
Nome do parâmetro: startIndex
   em System.ThrowHelper.ThrowArgumentOutOfRangeException(ExceptionArgument argument, ExceptionResource resource)
   em System.BitConverter.ToUInt16(Byte[] value, Int32 startIndex)
   em Battle.network.ReceivePacket.readUH() na C:\Users\clark\Downloads\#\1801111938\pbserver_udp3\network\ReceivePacket.cs:linha 106
   em Battle.network.BattleHandler.WriteActionBytes(Byte[] data, Room room, Single time, PacketModel packet) na C:\Users\clark\Downloads\#\1801111938\pbserver_udp3\network\BattleHandler.cs:linha 923
[WAB] Data: 01-10-00-18-00-87-00-04-01-00-C0-C3-10-39-F4-4F-00-00-00-00-00-00-01-00-00-01-00-09-00-00-00-00-00
[WriteActionBytes]
System.ArgumentOutOfRangeException: O índice estava fora do intervalo. Ele deve ser não-negativo e menor que o tamanho da coleção.
Nome do parâmetro: startIndex
   em System.ThrowHelper.ThrowArgumentOutOfRangeException(ExceptionArgument argument, ExceptionResource resource)
   em System.BitConverter.ToUInt16(Byte[] value, Int32 startIndex)
   em Battle.network.ReceivePacket.readUH() na C:\Users\clark\Downloads\#\1801111938\pbserver_udp3\network\ReceivePacket.cs:linha 106
   em Battle.network.BattleHandler.WriteActionBytes(Byte[] data, Room room, Single time, PacketModel packet) na C:\Users\clark\Downloads\#\1801111938\pbserver_udp3\network\BattleHandler.cs:linha 923
[WAB] Data: 01-10-00-18-00-87-00-04-02-01-45-BC-3C-35-EF-4F-00-00-00-00-00-00-01-00-00-01-00-09-00-00-00-00-00
